"../../../SumoTwomo2/Content/StarterContent/Audio/Fire01.uasset" 0
"../../../SumoTwomo2/Content/StarterContent/Audio/Fire01_Cue.uasset" 1
"../../../SumoTwomo2/Content/StarterContent/Textures/T_Fire_SubUV.uasset" 2
"../../../SumoTwomo2/Content/StarterContent/Textures/T_Fire_Tiled_D.uasset" 3
"../../../SumoTwomo2/Content/StarterContent/Particles/Materials/M_Fire_SubUV.uasset" 4
"../../../SumoTwomo2/Content/StarterContent/Textures/T_Water_N.uasset" 5
"../../../SumoTwomo2/Content/StarterContent/Particles/Materials/M_Heat_Distortion.uasset" 6
"../../../Engine/Content/Functions/Engine_MaterialFunctions01/Gradient/RadialGradient.uasset" 7
"../../../SumoTwomo2/Content/StarterContent/Particles/Materials/M_Radial_Gradient.uasset" 8
"../../../SumoTwomo2/Content/StarterContent/Textures/T_Smoke_SubUV.uasset" 9
"../../../SumoTwomo2/Content/StarterContent/Textures/T_Smoke_Tiled_D.uasset" 10
"../../../SumoTwomo2/Content/StarterContent/Particles/Materials/M_smoke_subUV.uasset" 11
"../../../SumoTwomo2/Content/StarterContent/Particles/P_Fire.uasset" 12
"../../../SumoTwomo2/Content/StarterContent/Blueprints/Blueprint_Effect_Fire.uasset" 13
"../../../SumoTwomo2/Content/StarterContent/Audio/Smoke01.uasset" 14
"../../../SumoTwomo2/Content/StarterContent/Audio/Smoke01_Cue.uasset" 15
"../../../SumoTwomo2/Content/StarterContent/Particles/P_Smoke.uasset" 16
"../../../SumoTwomo2/Content/StarterContent/Blueprints/Blueprint_Effect_Smoke.uasset" 17
"../../../SumoTwomo2/Content/StarterContent/Audio/Fire_Sparks01.uasset" 18
"../../../SumoTwomo2/Content/StarterContent/Audio/Fire_Sparks01_Cue.uasset" 19
"../../../SumoTwomo2/Content/StarterContent/Textures/T_Spark_Core.uasset" 20
"../../../SumoTwomo2/Content/StarterContent/Particles/Materials/M_Spark.uasset" 21
"../../../SumoTwomo2/Content/StarterContent/Particles/P_Sparks.uasset" 22
"../../../SumoTwomo2/Content/StarterContent/Blueprints/Blueprint_Effect_Sparks.uasset" 23
"../../../SumoTwomo2/Content/StarterContent/Audio/Steam01.uasset" 24
"../../../SumoTwomo2/Content/StarterContent/Audio/Steam01_Cue.uasset" 25
"../../../SumoTwomo2/Content/StarterContent/Particles/P_Steam_Lit.uasset" 26
"../../../SumoTwomo2/Content/StarterContent/Blueprints/Blueprint_Effect_Steam.uasset" 27
"../../../Engine/Content/EditorBlueprintResources/StandardMacros.uasset" 28
"../../../Engine/Content/EngineSky/C_Sky_Cloud_Color.uasset" 29
"../../../Engine/Content/EngineSky/C_Sky_Horizon_Color.uasset" 30
"../../../Engine/Content/EngineSky/C_Sky_Zenith_Color.uasset" 31
"../../../Engine/Content/EngineSky/T_Sky_Blue.uasset" 32
"../../../Engine/Content/EngineSky/T_Sky_Clouds_M.uasset" 33
"../../../Engine/Content/EngineSky/T_Sky_Stars.uasset" 34
"../../../Engine/Content/EngineSky/SM_SkySphere.uasset" 35
"../../../Engine/Content/EngineSky/M_Sky_Panning_Clouds2.uasset" 36
"../../../Engine/Content/EngineSky/BP_Sky_Sphere.uasset" 37
"../../../SumoTwomo2/Content/StarterContent/Textures/T_Lamp_M.uasset" 38
"../../../SumoTwomo2/Content/StarterContent/Textures/T_Lamp_N.uasset" 39
"../../../SumoTwomo2/Content/StarterContent/Props/Materials/M_Lamp.uasset" 40
"../../../SumoTwomo2/Content/StarterContent/Props/SM_Lamp_Ceiling.uasset" 41
"../../../SumoTwomo2/Content/StarterContent/Blueprints/Blueprint_CeilingLight.uasset" 42
"../../../SumoTwomo2/Content/StarterContent/Props/SM_Lamp_Wall.uasset" 43
"../../../SumoTwomo2/Content/StarterContent/Blueprints/Blueprint_WallSconce.uasset" 44
"../../../Engine/Content/EngineFonts/RobotoDistanceField.uasset" 45
"../../../Engine/Content/Functions/Engine_MaterialFunctions03/Procedurals/ComputeFilterWidth.uasset" 46
"../../../Engine/Content/EngineMaterials/AntiAliasedTextMaterialTranslucent.uasset" 47
"../../../Engine/Content/Functions/Engine_MaterialFunctions01/Opacity/CameraDepthFade.uasset" 48
"../../../Engine/Content/EngineMaterials/T_Default_Material_Grid_M.uasset" 49
"../../../Engine/Content/EngineMaterials/T_Default_Material_Grid_N.uasset" 50
"../../../Engine/Content/EngineMaterials/WorldGridMaterial.uasset" 51
"../../../SumoTwomo2/Content/StarterContent/Textures/T_Brick_Clay_Beveled_D.uasset" 52
"../../../SumoTwomo2/Content/StarterContent/Textures/T_Brick_Clay_Beveled_M.uasset" 53
"../../../SumoTwomo2/Content/StarterContent/Textures/T_Brick_Clay_Beveled_N.uasset" 54
"../../../SumoTwomo2/Content/StarterContent/Textures/T_MacroVariation.uasset" 55
"../../../SumoTwomo2/Content/StarterContent/Materials/M_Brick_Clay_Beveled.uasset" 56
"../../../SumoTwomo2/Content/StarterContent/Textures/T_Brick_Clay_New_D.uasset" 57
"../../../SumoTwomo2/Content/StarterContent/Textures/T_Brick_Clay_New_M.uasset" 58
"../../../SumoTwomo2/Content/StarterContent/Textures/T_Brick_Clay_New_N.uasset" 59
"../../../SumoTwomo2/Content/StarterContent/Textures/T_Detail_Rocky_N.uasset" 60
"../../../SumoTwomo2/Content/StarterContent/Materials/M_Brick_Clay_New.uasset" 61
"../../../SumoTwomo2/Content/StarterContent/Textures/T_Brick_Clay_Old_D.uasset" 62
"../../../SumoTwomo2/Content/StarterContent/Textures/T_Brick_Clay_Old_N.uasset" 63
"../../../SumoTwomo2/Content/StarterContent/Textures/T_Perlin_Noise_M.uasset" 64
"../../../SumoTwomo2/Content/StarterContent/Materials/M_Brick_Clay_Old.uasset" 65
"../../../SumoTwomo2/Content/StarterContent/Textures/T_Brick_Cut_Stone_D.uasset" 66
"../../../SumoTwomo2/Content/StarterContent/Textures/T_Brick_Cut_Stone_N.uasset" 67
"../../../SumoTwomo2/Content/StarterContent/Materials/M_Brick_Cut_Stone.uasset" 68
"../../../SumoTwomo2/Content/StarterContent/Textures/T_Brick_Hewn_Stone_D.uasset" 69
"../../../SumoTwomo2/Content/StarterContent/Textures/T_Brick_Hewn_Stone_M.uasset" 70
"../../../SumoTwomo2/Content/StarterContent/Textures/T_Brick_Hewn_Stone_N.uasset" 71
"../../../SumoTwomo2/Content/StarterContent/Materials/M_Brick_Hewn_Stone.uasset" 72
"../../../SumoTwomo2/Content/StarterContent/Textures/T_Ceramic_Tile_M.uasset" 73
"../../../SumoTwomo2/Content/StarterContent/Textures/T_Ceramic_Tile_N.uasset" 74
"../../../SumoTwomo2/Content/StarterContent/Textures/T_Rock_Marble_Polished_D.uasset" 75
"../../../SumoTwomo2/Content/StarterContent/Materials/M_Ceramic_Tile_Checker.uasset" 76
"../../../SumoTwomo2/Content/StarterContent/Textures/T_CobbleStone_Pebble_D.uasset" 77
"../../../SumoTwomo2/Content/StarterContent/Textures/T_CobbleStone_Pebble_M.uasset" 78
"../../../SumoTwomo2/Content/StarterContent/Textures/T_CobbleStone_Pebble_N.uasset" 79
"../../../SumoTwomo2/Content/StarterContent/Materials/M_CobbleStone_Pebble.uasset" 80
"../../../SumoTwomo2/Content/StarterContent/Textures/T_CobbleStone_Rough_D.uasset" 81
"../../../SumoTwomo2/Content/StarterContent/Textures/T_CobbleStone_Rough_N.uasset" 82
"../../../SumoTwomo2/Content/StarterContent/Textures/T_Gradinet_01.uasset" 83
"../../../SumoTwomo2/Content/StarterContent/Textures/T_Rock_Smooth_Granite_D.uasset" 84
"../../../SumoTwomo2/Content/StarterContent/Materials/M_CobbleStone_Rough.uasset" 85
"../../../SumoTwomo2/Content/StarterContent/Textures/T_CobbleStone_Smooth_D.uasset" 86
"../../../SumoTwomo2/Content/StarterContent/Textures/T_CobbleStone_Smooth_M.uasset" 87
"../../../SumoTwomo2/Content/StarterContent/Textures/T_CobbleStone_Smooth_N.uasset" 88
"../../../SumoTwomo2/Content/StarterContent/Materials/M_CobbleStone_Smooth.uasset" 89
"../../../SumoTwomo2/Content/StarterContent/Textures/T_Concrete_Grime_D.uasset" 90
"../../../SumoTwomo2/Content/StarterContent/Textures/T_Metal_Rust_N.uasset" 91
"../../../SumoTwomo2/Content/StarterContent/Materials/M_Concrete_Grime.uasset" 92
"../../../SumoTwomo2/Content/StarterContent/Textures/T_Concrete_Panels_D.uasset" 93
"../../../SumoTwomo2/Content/StarterContent/Textures/T_Concrete_Panels_N.uasset" 94
"../../../SumoTwomo2/Content/StarterContent/Materials/M_Concrete_Panels.uasset" 95
"../../../SumoTwomo2/Content/StarterContent/Textures/T_Concrete_Poured_D.uasset" 96
"../../../SumoTwomo2/Content/StarterContent/Textures/T_Concrete_Poured_N.uasset" 97
"../../../SumoTwomo2/Content/StarterContent/Materials/M_Concrete_Poured.uasset" 98
"../../../SumoTwomo2/Content/StarterContent/Textures/T_Concrete_Tiles_D.uasset" 99
"../../../SumoTwomo2/Content/StarterContent/Textures/T_Concrete_Tiles_M.uasset" 100
"../../../SumoTwomo2/Content/StarterContent/Textures/T_Concrete_Tiles_N.uasset" 101
"../../../SumoTwomo2/Content/StarterContent/Textures/T_Concrete_Tiles_Variation_M.uasset" 102
"../../../SumoTwomo2/Content/StarterContent/Materials/M_Concrete_Tiles.uasset" 103
"../../../SumoTwomo2/Content/StarterContent/Textures/T_Ground_Grass_D.uasset" 104
"../../../SumoTwomo2/Content/StarterContent/Textures/T_Ground_Grass_N.uasset" 105
"../../../SumoTwomo2/Content/StarterContent/Materials/M_Ground_Grass.uasset" 106
"../../../SumoTwomo2/Content/StarterContent/Textures/T_Ground_Gravel_D.uasset" 107
"../../../SumoTwomo2/Content/StarterContent/Textures/T_Ground_Gravel_N.uasset" 108
"../../../SumoTwomo2/Content/StarterContent/Materials/M_Ground_Gravel.uasset" 109
"../../../SumoTwomo2/Content/StarterContent/Textures/T_ground_Moss_D.uasset" 110
"../../../SumoTwomo2/Content/StarterContent/Textures/T_Ground_Moss_N.uasset" 111
"../../../SumoTwomo2/Content/StarterContent/Materials/M_Ground_Moss.uasset" 112
"../../../SumoTwomo2/Content/StarterContent/Materials/M_Metal_Brushed_Nickel.uasset" 113
"../../../SumoTwomo2/Content/StarterContent/Textures/T_Metal_Aluminum_D.uasset" 114
"../../../SumoTwomo2/Content/StarterContent/Textures/T_Metal_Gold_N.uasset" 115
"../../../SumoTwomo2/Content/StarterContent/Materials/M_Metal_Burnished_Steel.uasset" 116
"../../../SumoTwomo2/Content/StarterContent/Materials/M_Metal_Chrome.uasset" 117
"../../../SumoTwomo2/Content/StarterContent/Textures/T_Metal_Copper_D.uasset" 118
"../../../SumoTwomo2/Content/StarterContent/Materials/M_Metal_Copper.uasset" 119
"../../../SumoTwomo2/Content/StarterContent/Textures/T_Metal_Gold_D.uasset" 120
"../../../SumoTwomo2/Content/StarterContent/Materials/M_Metal_Gold.uasset" 121
"../../../Engine/Content/Functions/Engine_MaterialFunctions02/Utility/BlendAngleCorrectedNormals.uasset" 122
"../../../SumoTwomo2/Content/StarterContent/Textures/T_Metal_Rust_D.uasset" 123
"../../../SumoTwomo2/Content/StarterContent/Materials/M_Metal_Rust.uasset" 124
"../../../SumoTwomo2/Content/StarterContent/Textures/T_Metal_Steel_D.uasset" 125
"../../../SumoTwomo2/Content/StarterContent/Textures/T_Metal_Steel_N.uasset" 126
"../../../SumoTwomo2/Content/StarterContent/Materials/M_Metal_Steel.uasset" 127
"../../../SumoTwomo2/Content/StarterContent/Textures/T_Rock_Basalt_D.uasset" 128
"../../../SumoTwomo2/Content/StarterContent/Textures/T_Rock_Basalt_N.uasset" 129
"../../../SumoTwomo2/Content/StarterContent/Materials/M_Rock_Basalt.uasset" 130
"../../../SumoTwomo2/Content/StarterContent/Materials/M_Rock_Marble_Polished.uasset" 131
"../../../SumoTwomo2/Content/StarterContent/Textures/T_Rock_Sandstone_D.uasset" 132
"../../../SumoTwomo2/Content/StarterContent/Textures/T_Rock_Sandstone_N.uasset" 133
"../../../SumoTwomo2/Content/StarterContent/Materials/M_Rock_Sandstone.uasset" 134
"../../../SumoTwomo2/Content/StarterContent/Textures/T_Rock_Slate_D.uasset" 135
"../../../SumoTwomo2/Content/StarterContent/Textures/T_Rock_Slate_N.uasset" 136
"../../../SumoTwomo2/Content/StarterContent/Materials/M_Rock_Slate.uasset" 137
"../../../SumoTwomo2/Content/StarterContent/Textures/T_Checker_Noise_M.uasset" 138
"../../../SumoTwomo2/Content/StarterContent/Textures/T_Single_Tile_N.uasset" 139
"../../../SumoTwomo2/Content/StarterContent/Textures/T_Tech_Dot_M.uasset" 140
"../../../SumoTwomo2/Content/StarterContent/Textures/T_Tech_Dot_N.uasset" 141
"../../../SumoTwomo2/Content/StarterContent/Materials/M_Tech_Checker_Dot.uasset" 142
"../../../SumoTwomo2/Content/StarterContent/Textures/T_Tech_Hex_Tile_M.uasset" 143
"../../../SumoTwomo2/Content/StarterContent/Textures/T_Tech_Hex_Tile_N.uasset" 144
"../../../SumoTwomo2/Content/StarterContent/Materials/M_Tech_Hex_Tile.uasset" 145
"../../../SumoTwomo2/Content/StarterContent/Materials/M_Tech_Hex_Tile_Pulse.uasset" 146
"../../../SumoTwomo2/Content/StarterContent/Textures/T_Tech_Panel_M.uasset" 147
"../../../SumoTwomo2/Content/StarterContent/Textures/T_Tech_Panel_N.uasset" 148
"../../../SumoTwomo2/Content/StarterContent/Materials/M_Tech_Panel.uasset" 149
"../../../SumoTwomo2/Content/StarterContent/Materials/M_Water_Lake.uasset" 150
"../../../SumoTwomo2/Content/StarterContent/Textures/T_Water_M.uasset" 151
"../../../SumoTwomo2/Content/StarterContent/Materials/M_Water_Ocean.uasset" 152
"../../../SumoTwomo2/Content/StarterContent/Textures/T_Wood_Floor_Walnut_D.uasset" 153
"../../../SumoTwomo2/Content/StarterContent/Textures/T_Wood_Floor_Walnut_M.uasset" 154
"../../../SumoTwomo2/Content/StarterContent/Textures/T_Wood_Floor_Walnut_N.uasset" 155
"../../../SumoTwomo2/Content/StarterContent/Materials/M_Wood_Floor_Walnut_Polished.uasset" 156
"../../../Engine/Content/Functions/Engine_MaterialFunctions01/Opacity/AlphaOffset.uasset" 157
"../../../SumoTwomo2/Content/StarterContent/Materials/M_Wood_Floor_Walnut_Worn.uasset" 158
"../../../SumoTwomo2/Content/StarterContent/Textures/T_Wood_Oak_D.uasset" 159
"../../../SumoTwomo2/Content/StarterContent/Textures/T_Wood_Oak_N.uasset" 160
"../../../SumoTwomo2/Content/StarterContent/Materials/M_Wood_Oak.uasset" 161
"../../../SumoTwomo2/Content/StarterContent/Textures/T_Wood_Pine_D.uasset" 162
"../../../SumoTwomo2/Content/StarterContent/Textures/T_Wood_Pine_N.uasset" 163
"../../../SumoTwomo2/Content/StarterContent/Materials/M_Wood_Pine.uasset" 164
"../../../SumoTwomo2/Content/StarterContent/Textures/T_Wood_Walnut_D.uasset" 165
"../../../SumoTwomo2/Content/StarterContent/Textures/T_Wood_Walnut_N.uasset" 166
"../../../SumoTwomo2/Content/StarterContent/Materials/M_Wood_Walnut.uasset" 167
"../../../SumoTwomo2/Content/StarterContent/Textures/T_Chair_M.uasset" 168
"../../../SumoTwomo2/Content/StarterContent/Textures/T_Chair_N.uasset" 169
"../../../SumoTwomo2/Content/StarterContent/Props/Materials/M_Chair.uasset" 170
"../../../SumoTwomo2/Content/StarterContent/Materials/M_Basic_Floor.uasset" 171
"../../../SumoTwomo2/Content/StarterContent/Architecture/Floor_400x400.uasset" 172
"../../../SumoTwomo2/Content/StarterContent/Materials/M_Basic_Wall.uasset" 173
"../../../SumoTwomo2/Content/StarterContent/Architecture/Wall_400x200.uasset" 174
"../../../SumoTwomo2/Content/StarterContent/Architecture/Wall_Door_400x300.uasset" 175
"../../../SumoTwomo2/Content/StarterContent/Architecture/Wall_Window_400x300.uasset" 176
"../../../SumoTwomo2/Content/StarterContent/Audio/Collapse01.uasset" 177
"../../../SumoTwomo2/Content/StarterContent/Audio/Collapse02.uasset" 178
"../../../SumoTwomo2/Content/StarterContent/Audio/Collapse_Cue.uasset" 179
"../../../SumoTwomo2/Content/StarterContent/Audio/Starter_Birds01.uasset" 180
"../../../SumoTwomo2/Content/StarterContent/Audio/Starter_Wind05.uasset" 181
"../../../SumoTwomo2/Content/StarterContent/Audio/Starter_Wind06.uasset" 182
"../../../SumoTwomo2/Content/StarterContent/Audio/Starter_Background_Cue.uasset" 183
"../../../SumoTwomo2/Content/StarterContent/Audio/Starter_Music01.uasset" 184
"../../../SumoTwomo2/Content/StarterContent/Audio/Starter_Music_Cue.uasset" 185
"../../../SumoTwomo2/Content/StarterContent/Textures/T_Dust_Particle_D.uasset" 186
"../../../SumoTwomo2/Content/StarterContent/Particles/Materials/M_Dust_Particle.uasset" 187
"../../../SumoTwomo2/Content/StarterContent/Particles/P_Ambient_Dust.uasset" 188
"../../../SumoTwomo2/Content/StarterContent/Props/MaterialSphere.uasset" 189
"../../../SumoTwomo2/Content/StarterContent/Props/SM_Chair.uasset" 190
"../../../SumoTwomo2/Content/StarterContent/Textures/T_Frame_M.uasset" 191
"../../../SumoTwomo2/Content/StarterContent/Textures/T_Frame_N.uasset" 192
"../../../SumoTwomo2/Content/StarterContent/Props/Materials/M_Frame.uasset" 193
"../../../SumoTwomo2/Content/StarterContent/Props/SM_CornerFrame.uasset" 194
"../../../SumoTwomo2/Content/StarterContent/Props/SM_DoorFrame.uasset" 195
"../../../SumoTwomo2/Content/StarterContent/Materials/M_Glass.uasset" 196
"../../../SumoTwomo2/Content/StarterContent/Props/SM_GlassWindow.uasset" 197
"../../../SumoTwomo2/Content/StarterContent/Props/SM_PillarFrame.uasset" 198
"../../../SumoTwomo2/Content/StarterContent/Props/SM_PillarFrame300.uasset" 199
"../../../SumoTwomo2/Content/StarterContent/Textures/T_Statue_M.uasset" 200
"../../../SumoTwomo2/Content/StarterContent/Textures/T_Statue_N.uasset" 201
"../../../SumoTwomo2/Content/StarterContent/Props/Materials/M_Statue.uasset" 202
"../../../SumoTwomo2/Content/StarterContent/Props/Materials/M_StatueGlass.uasset" 203
"../../../SumoTwomo2/Content/StarterContent/Props/SM_Statue.uasset" 204
"../../../SumoTwomo2/Content/StarterContent/Textures/T_TableRound_M.uasset" 205
"../../../SumoTwomo2/Content/StarterContent/Textures/T_TableRound_N.uasset" 206
"../../../SumoTwomo2/Content/StarterContent/Props/Materials/M_TableRound.uasset" 207
"../../../SumoTwomo2/Content/StarterContent/Props/SM_TableRound.uasset" 208
"../../../SumoTwomo2/Content/StarterContent/Props/SM_WindowFrame.uasset" 209
"../../../SumoTwomo2/Content/StarterContent/Shapes/Shape_Cube.uasset" 210
"../../../SumoTwomo2/Content/StarterContent/Shapes/Shape_QuadPyramid.uasset" 211
"../../../SumoTwomo2/Content/StarterContent/Shapes/Shape_Sphere.uasset" 212
"../../../SumoTwomo2/Content/StarterContent/Maps/StarterMap.umap" 213
"../../../SumoTwomo2/Content/StarterContent/Maps/Minimal_Default.umap" 214
"../../../SumoTwomo2/Content/Blueprints/HUDFont.uasset" 215
"../../../SumoTwomo2/Content/Rolling/Materials/title.uasset" 216
"../../../SumoTwomo2/Content/Rolling/Materials/twomo1.uasset" 217
"../../../SumoTwomo2/Content/Rolling/Materials/twomo2.uasset" 218
"../../../SumoTwomo2/Content/Blueprints/HUD.uasset" 219
"../../../SumoTwomo2/Content/Rolling/Materials/RingedMaterial.uasset" 220
"../../../SumoTwomo2/Content/Rolling/Materials/P1.uasset" 221
"../../../SumoTwomo2/Content/Rolling/Materials/P2.uasset" 222
"../../../Engine/Content/EngineMaterials/DefaultMaterial.uasset" 223
"../../../Engine/Content/BasicShapes/Cone.uasset" 224
"../../../SumoTwomo2/Content/RollingBP/Blueprints/PhysicsBallBP.uasset" 225
"../../../SumoTwomo2/Content/Blueprints/ControllerThing.uasset" 226
"../../../SumoTwomo2/Content/Blueprints/DeathTrigger.uasset" 227
"../../../SumoTwomo2/Content/Rolling/Materials/SquareFloor.uasset" 228
"../../../SumoTwomo2/Content/Rolling/Materials/noise.uasset" 229
"../../../SumoTwomo2/Content/Rolling/Materials/Skybox.uasset" 230
"../../../SumoTwomo2/Content/Rolling/Materials/SquareSkybox.uasset" 231
"../../../Engine/Content/BasicShapes/Cube.uasset" 232
"../../../SumoTwomo2/Content/RollingBP/Maps/Square.umap" 233
"../../../Engine/Content/EngineMaterials/DefaultDiffuse.uasset" 234
"../../../Engine/Content/EngineMaterials/DefaultNormal.uasset" 235
"../../../Engine/Content/Maps/Entry.umap" 236
"../../../SumoTwomo2/Content/StarterContent/Blueprints/Assets/FogBrightnessLUT.uasset" 237
"../../../SumoTwomo2/Content/StarterContent/Blueprints/Assets/SunlightColorLUT.uasset" 238
"../../../SumoTwomo2/Content/StarterContent/Blueprints/Assets/M_LightStage_Arrows.uasset" 239
"../../../Engine/Content/MapTemplates/Sky/DaylightAmbientCubemap.uasset" 240
"../../../SumoTwomo2/Content/StarterContent/Blueprints/Assets/M_LightStage_Skybox_Master.uasset" 241
"../../../SumoTwomo2/Content/StarterContent/Blueprints/Assets/M_LightStage_Skybox_Black.uasset" 242
"../../../SumoTwomo2/Content/StarterContent/Blueprints/Assets/M_LightStage_Skybox_HDRI.uasset" 243
"../../../Engine/Content/EditorMaterials/Thumbnails/SkySphereMaterial.uasset" 244
"../../../SumoTwomo2/Content/StarterContent/Blueprints/Assets/Skybox.uasset" 245
"../../../SumoTwomo2/Content/StarterContent/Blueprints/Assets/SM_Arrows.uasset" 246
"../../../SumoTwomo2/Content/StarterContent/HDRI/HDRI_Epic_Courtyard_Daylight.uasset" 247
"../../../SumoTwomo2/Content/StarterContent/Blueprints/BP_LightStudio.uasset" 248
"../../../SumoTwomo2/Content/StarterContent/Materials/M_AssetPlatform.uasset" 249
"../../../Engine/Content/EditorMeshes/ColorCalibrator/M_ChromeBall.uasset" 250
"../../../Engine/Content/EditorMeshes/ColorCalibrator/M_ClearCoat.uasset" 251
"../../../Engine/Content/EditorMeshes/ColorCalibrator/M_ClearCoatBlack.uasset" 252
"../../../Engine/Content/EditorMeshes/ColorCalibrator/T_ColorGrid.uasset" 253
"../../../Engine/Content/EditorMeshes/ColorCalibrator/M_ColorGrid.uasset" 254
"../../../Engine/Content/EditorMeshes/ColorCalibrator/M_GreyBall.uasset" 255
"../../../Engine/Content/EditorMeshes/ColorCalibrator/SM_ColorCalibrator.uasset" 256
"../../../SumoTwomo2/Content/StarterContent/Architecture/SM_AssetPlatform.uasset" 257
"../../../SumoTwomo2/Content/StarterContent/Maps/Advanced_Lighting.umap" 258
"../../../Engine/Content/EngineFonts/Roboto.uasset" 259
"../../../Engine/Content/Functions/Engine_MaterialFunctions01/Shading/PowerToRoughness.uasset" 260
"../../../Engine/Content/Functions/Engine_MaterialFunctions01/Shading/ConvertFromDiffSpec.uasset" 261
"../../../Engine/Content/EngineMaterials/DefaultDeferredDecalMaterial.uasset" 262
"../../../Engine/Content/EngineMaterials/DefaultLightFunctionMaterial.uasset" 263
"../../../Engine/Content/Functions/Engine_MaterialFunctions02/Utility/BreakOutFloat2Components.uasset" 264
"../../../Engine/Content/EngineMaterials/DefaultPostProcessMaterial.uasset" 265
"../../../Engine/Content/EngineResources/DefaultTexture.uasset" 266
"../../../Engine/Content/Functions/Engine_MaterialFunctions02/Texturing/ScreenAlignedUVs.uasset" 267
"../../../Engine/Content/EngineResources/WhiteSquareTexture.uasset" 268
"../../../Engine/Content/EngineMaterials/Widget3DPassThrough.uasset" 269
"../../../Engine/Content/EngineMaterials/Widget3DPassThrough_Translucent.uasset" 270
"../../../Engine/Content/EngineMaterials/Widget3DPassThrough_Translucent_OneSided.uasset" 271
"../../../Engine/Content/EngineMaterials/Widget3DPassThrough_Opaque.uasset" 272
"../../../Engine/Content/EngineMaterials/Widget3DPassThrough_Opaque_OneSided.uasset" 273
"../../../Engine/Content/EngineMaterials/Widget3DPassThrough_Masked.uasset" 274
"../../../Engine/Content/EngineMaterials/Widget3DPassThrough_Masked_OneSided.uasset" 275
"../../../Engine/Content/EditorResources/S_Actor.uasset" 276
"../../../Engine/Content/Maps/Templates/Thumbnails/Default.uasset" 277
"../../../Engine/Content/EditorMaterials/ParticleSystems/PSysThumbnail_NoImage.uasset" 278
"../../../Engine/Content/EditorMaterials/ParticleSystems/PSysThumbnail_OOD.uasset" 279
"../../../Engine/Content/EditorLandscapeResources/DataLayer.uasset" 280
"../../../Engine/Content/EngineDamageTypes/DmgTypeBP_Environmental.uasset" 281
"../../../Engine/Content/EngineMeshes/Sphere.uasset" 282
"../../../Engine/Content/EngineMaterials/DefaultTextMaterialOpaque.uasset" 283
"../../../Engine/Content/EditorResources/S_Trigger.uasset" 284
"../../../Engine/Content/EngineResources/GradientTexture0.uasset" 285
"../../../Engine/Content/EngineResources/Black.uasset" 286
"../../../Engine/Content/EditorMaterials/MatineeGroups/MAT_Groups_Float.uasset" 287
"../../../Engine/Content/EditorMaterials/MatineeGroups/MAT_Groups_Director.uasset" 288
"../../../Engine/Content/EditorMaterials/MatineeGroups/MAT_Groups_Event.uasset" 289
"../../../Engine/Content/EditorMaterials/MatineeGroups/MAT_Groups_Anim.uasset" 290
"../../../Engine/Content/EditorMaterials/MatineeGroups/MAT_Groups_Fade.uasset" 291
"../../../Engine/Content/EditorMaterials/MatineeGroups/MAT_Groups_Move.uasset" 292
"../../../Engine/Content/EditorMaterials/MatineeGroups/MAT_Groups_Slomo.uasset" 293
"../../../Engine/Content/EditorMaterials/MatineeGroups/MAT_ColorTrack.uasset" 294
"../../../Engine/Content/EditorMaterials/MAT_Groups_Toggle.uasset" 295
"../../../Engine/Content/EditorMaterials/MatineeGroups/MAT_Groups_AudioMaster.uasset" 296
"../../../Engine/Content/EditorMaterials/MatineeGroups/MAT_Groups_Sound.uasset" 297
"../../../Engine/Content/EditorMaterials/MatineeGroups/MAT_Groups_Vector.uasset" 298
"../../../Engine/Content/EditorMaterials/MAT_Groups_Visibility.uasset" 299
"../../../Engine/Content/EngineResources/DefaultTextureCube.uasset" 300
"../../../Engine/Content/EngineMeshes/Cylinder.uasset" 301
"../../../Engine/Content/EngineTireTypes/DefaultTireType.uasset" 302
"../../../Engine/Content/EngineResources/AICON-Red.uasset" 303
"../../../Engine/Content/EngineResources/AICON-Green.uasset" 304
"../../../Engine/Content/Tutorial/Basics/TutorialAssets/icon_tab_Levels_40x.uasset" 305
"../../../Engine/Content/Tutorial/Basics/LevelEditorOverview.uasset" 306
"../../../Engine/Content/Tutorial/Basics/LevelEditorAttract.uasset" 307
"../../../Engine/Content/Tutorial/SubEditors/TutorialAssets/TutorialMaterial.uasset" 308
"../../../Engine/Content/Tutorial/SubEditors/MaterialEditorTutorial.uasset" 309
"../../../Engine/Content/EngineMeshes/Cube.uasset" 310
"../../../Engine/Content/Tutorial/SubEditors/StaticMeshEditorTutorial.uasset" 311
"../../../Engine/Content/Tutorial/BlueprintTutorials/TutorialAssets/Blueprint_64x.uasset" 312
"../../../Engine/Content/Tutorial/BlueprintTutorials/BlueprintEditorTutorial.uasset" 313
"../../../Engine/Content/Tutorial/Landscape/TutorialAssets/Landscape.uasset" 314
"../../../Engine/Content/Tutorial/Landscape/Landscape_Painting_Mode.uasset" 315
"../../../Engine/Content/Tutorial/Landscape/Landscape_Sculpt_Mode.uasset" 316
"../../../Engine/Content/Tutorial/Landscape/Landscape_Manage_Mode.uasset" 317
"../../../SumoTwomo2/Content/Rolling/Materials/BaseMaterial.uasset" 318
"../../../Engine/Content/Tutorial/SubEditors/TutorialAssets/TutorialParticleSystem.uasset" 319
"../../../Engine/Content/Tutorial/SubEditors/ParticleSystemEditorTutorial.uasset" 320
"../../../Engine/Content/Tutorial/ContentIntroCurve.uasset" 321
"../../../Engine/Plugins/2D/Paper2D/Content/PlaceholderTextures/DummySpriteTexture.uasset" 322
"../../../Engine/Plugins/2D/Paper2D/Content/DefaultSpriteMaterial.uasset" 323
"../../../Engine/Plugins/2D/Paper2D/Content/MaskedUnlitSpriteMaterial.uasset" 324
"../../../Engine/Plugins/2D/Paper2D/Content/OpaqueUnlitSpriteMaterial.uasset" 325
"../../../Engine/Plugins/2D/Paper2D/Content/DummySpriteTexture.uasset" 326
"../../../Engine/Plugins/2D/Paper2D/Content/DummySprite.uasset" 327
"../../../Engine/Plugins/2D/Paper2D/Content/DefaultPaperTerrainMaterial.uasset" 328
"../../../Engine/Plugins/Runtime/LeapMotionController/Content/LM_CapsuleMesh.uasset" 329
"../../../Engine/Plugins/Runtime/LeapMotionController/Content/LM_TorusMesh.uasset" 330
"../../../Engine/Plugins/Runtime/LeapMotionController/Content/LM_HandColor.uasset" 331
"../../../Engine/Plugins/Runtime/LeapMotionController/Content/LM_SampleDistortion.uasset" 332
"../../../Engine/Plugins/Runtime/LeapMotionController/Content/LM_TestTexture.uasset" 333
"../../../Engine/Plugins/Runtime/LeapMotionController/Content/LM_PassthroughMaterial.uasset" 334
"../../../Engine/Content/EngineMaterials/RemoveSurfaceMaterial.uasset" 335
"../../../Engine/Content/EngineDebugMaterials/DebugMeshMaterial.uasset" 336
"../../../Engine/Content/EngineMaterials/InvalidLightmapSettings.uasset" 337
"../../../Engine/Content/EngineMaterials/M_InvalidLightmapSettings.uasset" 338
"../../../Engine/Content/EditorMaterials/GizmoMaterial.uasset" 339
"../../../Engine/Content/EngineMaterials/Good64x64TilingNoiseHighFreq.uasset" 340
"../../../Engine/Content/EngineMaterials/DefaultBokeh.uasset" 341
"../../../Engine/Content/EngineMaterials/PreintegratedSkinBRDF.uasset" 342
"../../../Engine/Content/EngineMaterials/MiniFont.uasset" 343
"../../../Engine/Content/EngineMaterials/WeightMapPlaceholderTexture.uasset" 344
"../../../Engine/Content/EngineMaterials/DefaultWhiteGrid.uasset" 345
"../../../Engine/Content/EngineMaterials/DefaultPhysicalMaterial.uasset" 346
"../../../Engine/Content/EngineFonts/RobotoTiny.uasset" 347
"../../../SumoTwomo2/Content/StarterContent/Shapes/Shape_WideCapsule.uasset" 348
"../../../Engine/Content/MobileResources/HUD/MobileHUDButton1_on.uasset" 349
"../../../SumoTwomo2/Content/StarterContent/Shapes/Shape_Wedge_B.uasset" 350
"../../../Engine/Content/MobileResources/HUD/MobileHUDButton2_on.uasset" 351
"../../../SumoTwomo2/Content/StarterContent/Shapes/Shape_Wedge_A.uasset" 352
"../../../Engine/Content/MobileResources/T_MobileControls_texture.uasset" 353
"../../../Engine/Content/MobileResources/HUD/MobileHUDButton3.uasset" 354
"../../../SumoTwomo2/Content/StarterContent/Shapes/Shape_Torus.uasset" 355
"../../../SumoTwomo2/Content/StarterContent/Shapes/Shape_Trim.uasset" 356
"../../../SumoTwomo2/Content/StarterContent/Shapes/Shape_Trim_90_In.uasset" 357
"../../../SumoTwomo2/Content/StarterContent/Shapes/Shape_Trim_90_Out.uasset" 358
"../../../SumoTwomo2/Content/StarterContent/Shapes/Shape_TriPyramid.uasset" 359
"../../../SumoTwomo2/Content/StarterContent/Shapes/Shape_Tube.uasset" 360
"../../../Engine/Content/MobileResources/HUD/T_Castle_ThumbstickInner.uasset" 361
"../../../Engine/Content/MobileResources/HUD/MobileHUDButton2_off.uasset" 362
"../../../SumoTwomo2/Content/StarterContent/Shapes/Shape_Plane.uasset" 363
"../../../Engine/Content/MobileResources/HUD/MobileHUDDirectionPad2.uasset" 364
"../../../SumoTwomo2/Content/StarterContent/Shapes/Shape_Cone.uasset" 365
"../../../SumoTwomo2/Content/StarterContent/Shapes/Shape_Cylinder.uasset" 366
"../../../SumoTwomo2/Content/StarterContent/Shapes/Shape_NarrowCapsule.uasset" 367
"../../../SumoTwomo2/Content/StarterContent/Shapes/Shape_Pipe.uasset" 368
"../../../SumoTwomo2/Content/StarterContent/Shapes/Shape_Pipe_180.uasset" 369
"../../../SumoTwomo2/Content/StarterContent/Shapes/Shape_Pipe_90.uasset" 370
"../../../Engine/Content/EditorResources/LightIcons/S_LightError.uasset" 371
"../../../Engine/Content/EditorResources/EmptyActor.uasset" 372
"../../../SumoTwomo2/Content/RollingBP/Blueprints/RollingGameMode.uasset" 373
"../../../SumoTwomo2/Content/StarterContent/Textures/T_Bush_D.uasset" 374
"../../../SumoTwomo2/Content/StarterContent/Textures/T_Bush_N.uasset" 375
"../../../SumoTwomo2/Content/StarterContent/Props/Materials/M_Bush.uasset" 376
"../../../SumoTwomo2/Content/StarterContent/Props/SM_Bush.uasset" 377
"../../../SumoTwomo2/Content/StarterContent/Props/SM_Couch.uasset" 378
"../../../SumoTwomo2/Content/StarterContent/Textures/T_Door_M.uasset" 379
"../../../SumoTwomo2/Content/StarterContent/Textures/T_Door_N.uasset" 380
"../../../SumoTwomo2/Content/StarterContent/Props/Materials/M_Door.uasset" 381
"../../../SumoTwomo2/Content/StarterContent/Props/SM_Door.uasset" 382
"../../../SumoTwomo2/Content/StarterContent/Props/Materials/M_MaterialSphere.uasset" 383
"../../../SumoTwomo2/Content/StarterContent/Props/Materials/M_MaterialSphere_Plain.uasset" 384
"../../../SumoTwomo2/Content/StarterContent/Props/SM_MatPreviewMesh_02.uasset" 385
"../../../SumoTwomo2/Content/StarterContent/Textures/T_RockMesh_M.uasset" 386
"../../../SumoTwomo2/Content/StarterContent/Textures/T_RockMesh_N.uasset" 387
"../../../SumoTwomo2/Content/StarterContent/Props/Materials/M_Rock.uasset" 388
"../../../SumoTwomo2/Content/StarterContent/Props/SM_Rock.uasset" 389
"../../../SumoTwomo2/Content/StarterContent/Textures/T_Shelf_M.uasset" 390
"../../../SumoTwomo2/Content/StarterContent/Textures/T_Shelf_N.uasset" 391
"../../../SumoTwomo2/Content/StarterContent/Props/Materials/M_Shelf.uasset" 392
"../../../SumoTwomo2/Content/StarterContent/Props/SM_Shelf.uasset" 393
"../../../SumoTwomo2/Content/StarterContent/Props/SM_Stairs.uasset" 394
"../../../Engine/Content/MobileResources/HUD/T_Castle_ThumbstickOutter.uasset" 395
"../../../SumoTwomo2/Content/Geometry/Meshes/CubeMaterial.uasset" 396
"../../../SumoTwomo2/Content/Geometry/Meshes/TemplateFloor.uasset" 397
"../../../SumoTwomo2/Content/Rolling/Materials/FloorSquare.uasset" 398
"../../../SumoTwomo2/Content/Rolling/Materials/GrayMaterial.uasset" 399
"../../../SumoTwomo2/Content/Rolling/Materials/GrayMetalMaterial.uasset" 400
"../../../Engine/Content/MobileResources/HUD/MobileHUDButton1_off.uasset" 401
"../../../Engine/Content/MobileResources/T_MobileMenu2.uasset" 402
"../../../Engine/Content/MobileResources/HUD/AnalogHat.uasset" 403
"../../../Engine/Content/MobileResources/HUD/VirtualJoystick_Background.uasset" 404
"../../../Engine/Content/MobileResources/HUD/VirtualJoystick_Thumb.uasset" 405
"../../../Engine/Content/MobileResources/HUD/DefaultVirtualJoysticks.uasset" 406
"../../../Engine/Content/MobileResources/HUD/LeftVirtualJoystickOnly.uasset" 407
"../../../Engine/Content/MobileResources/HUD/MobileHUDDirectionPad.uasset" 408
"../../../SumoTwomo2/Content/Rolling/Materials/TitleMaterial.uasset" 409
"../../../SumoTwomo2/Content/StarterContent/Architecture/Wall_400x400.uasset" 410
"../../../SumoTwomo2/Content/StarterContent/Architecture/Wall_500x500.uasset" 411
"../../../SumoTwomo2/Content/StarterContent/Architecture/Wall_Door_400x400.uasset" 412
"../../../SumoTwomo2/Content/StarterContent/Architecture/Wall_Window_400x400.uasset" 413
"../../../SumoTwomo2/Content/StarterContent/Audio/Light01.uasset" 414
"../../../SumoTwomo2/Content/StarterContent/Audio/Light01_Cue.uasset" 415
"../../../Engine/Content/EditorMaterials/PhAT_JointLimitMaterial.uasset" 416
"../../../Engine/Content/EditorMaterials/PreviewShadowIndicator.uasset" 417
"../../../Engine/Content/EditorMaterials/PreviewShadowIndicatorMaterial.uasset" 418
"../../../Engine/Content/EditorResources/BSPVertex.uasset" 419
"../../../Engine/Content/EditorResources/AudioIcons/S_AudioComponent.uasset" 420
"../../../Engine/Content/EditorResources/AudioIcons/S_AudioComponent_AutoActivate.uasset" 421
"../../../Engine/Content/EngineDebugMaterials/HeatmapGradient.uasset" 422
"../../../Engine/Content/EngineDebugMaterials/BoneWeightMaterial.uasset" 423
"../../../Engine/Content/EngineDebugMaterials/GeomMaterial.uasset" 424
"../../../Engine/Content/EngineMaterials/EditorBrushMaterial.uasset" 425
"../../../Engine/Content/MobileResources/HUD/MobileHUDButtonFire.uasset" 426
"../../../Engine/Content/MobileResources/HUD/MobileHUDDirectionPad3.uasset" 427
"../../../Engine/Content/MobileResources/HUD/MobileHUDDirectionStick.uasset" 428
"../../../Engine/Content/Tutorial/BlueprintTutorials/TutorialAssets/BlueprintInterface_64x.uasset" 429
"../../../Engine/Content/Tutorial/BlueprintTutorials/TutorialAssets/Tutorial_BP_Interface.uasset" 430
"../../../Engine/Content/Tutorial/BlueprintTutorials/BlueprintInterfacesEditorOverview.uasset" 431
"../../../Engine/Content/Tutorial/BlueprintTutorials/TutorialAssets/BlueprintMacroLibrary_64x.uasset" 432
"../../../Engine/Content/Tutorial/BlueprintTutorials/TutorialAssets/Tutorial_BP_MacroLib.uasset" 433
"../../../Engine/Content/Tutorial/BlueprintTutorials/BlueprintMacroLibrariesEditorOverview.uasset" 434
"../../../Engine/Content/Tutorial/BlueprintTutorials/LevelBlueprintEditorOverview.uasset" 435
"../../../Engine/Content/Tutorial/Foliage/TutorialAssets/Foliage.uasset" 436
"../../../Engine/Content/Tutorial/Foliage/Foliage_Settings_Tutorial.uasset" 437
"../../../Engine/Content/Tutorial/Foliage/Foliage_Using_The_Tool_Tutorial.uasset" 438
"../../../Engine/Content/Tutorial/Foliage/Foliage_Intro_Tutorial.uasset" 439
"../../../Engine/Content/Tutorial/Paper2D/TutorialAssets/Paper2DFlipbook_TutorialIcon.uasset" 440
"../../../Engine/Content/Tutorial/Paper2D/FlipbookEditorTutorial.uasset" 441
"../../../Engine/Content/Tutorial/Paper2D/TutorialAssets/Paper2DSprite_TutorialIcon.uasset" 442
"../../../Engine/Content/Tutorial/Paper2D/SpriteEditorTutorial.uasset" 443
"../../../Engine/Content/EditorMeshes/EditorCube.uasset" 444
"../../../Engine/Content/Tutorial/SubEditors/TutorialAssets/Tutorial_DM.uasset" 445
"../../../Engine/Content/Tutorial/SubEditors/DestructibleMeshEditorTutorial.uasset" 446
"../../../Engine/Content/Tutorial/SubEditors/TutorialAssets/icon_ShowSkeletalMeshes_40x.uasset" 447
"../../../Engine/Content/Tutorial/SubEditors/TutorialAssets/Character/TutorialTPP_Mat.uasset" 448
"../../../Engine/Content/Tutorial/SubEditors/TutorialAssets/Character/TutorialTPP_PhysicsAsset.uasset" 449
"../../../Engine/Content/Tutorial/SubEditors/TutorialAssets/Character/TutorialTPP.uasset" 450
"../../../Engine/Content/Tutorial/SubEditors/TutorialAssets/Character/TutorialTPP_Skeleton.uasset" 451
"../../../Engine/Content/Tutorial/SubEditors/TutorialAssets/Character/Tutorial_Idle.uasset" 452
"../../../Engine/Content/Tutorial/SubEditors/TutorialAssets/Character/Tutorial_Walk_Fwd.uasset" 453
"../../../Engine/Content/Tutorial/SubEditors/TutorialAssets/Character/NewBlendSpace1D.uasset" 454
"../../../Engine/Content/Tutorial/SubEditors/TutorialAssets/Character/TutorialCharacter.uasset" 455
"../../../Engine/Content/Tutorial/SubEditors/TutorialAssets/Character/TutorialTPP_AnimBlueprint.uasset" 456
"../../../Engine/Content/Tutorial/SubEditors/PersonaAnimBlueprintEditorWalkthrough.uasset" 457
"../../../Engine/Content/Tutorial/SubEditors/PersonaAnimEditorWalkthrough.uasset" 458
"../../../Engine/Content/Tutorial/SubEditors/TutorialAssets/icon_Editor_Preferences_General_40x.uasset" 459
"../../../SumoTwomo2/Content/Blueprints/TitleFont.uasset" 460
"../../../SumoTwomo2/Content/Geometry/Meshes/1M_Cube.uasset" 461
"../../../SumoTwomo2/Content/Geometry/Meshes/1M_Cube_Chamfer.uasset" 462
"../../../SumoTwomo2/Content/Rolling/Materials/OrangeMetalMaterial.uasset" 463
"../../../Engine/Content/EngineMaterials/Grid.uasset" 464
"../../../SumoTwomo2/Content/Rolling/Materials/PM_Ball.uasset" 465
"../../../SumoTwomo2/Content/Rolling/Materials/M_Blue_Checker.uasset" 466
"../../../SumoTwomo2/Content/Rolling/Meshes/BallMesh.uasset" 467
"../../../SumoTwomo2/Content/RollingBP/RollingOverview.uasset" 468
"../../../SumoTwomo2/Content/StarterContent/Architecture/Pillar_50x500.uasset" 469
"../../../SumoTwomo2/Content/StarterContent/Architecture/Wall_400x300.uasset" 470
"../../../SumoTwomo2/Content/StarterContent/Audio/Light02.uasset" 471
"../../../SumoTwomo2/Content/StarterContent/Audio/Light02_Cue.uasset" 472
"../../../SumoTwomo2/Content/StarterContent/Audio/Explosion01.uasset" 473
"../../../SumoTwomo2/Content/StarterContent/Audio/Explosion02.uasset" 474
"../../../SumoTwomo2/Content/StarterContent/Audio/Explosion_Cue.uasset" 475
"../../../SumoTwomo2/Content/StarterContent/Textures/T_Burst_M.uasset" 476
"../../../SumoTwomo2/Content/StarterContent/Particles/Materials/M_Burst.uasset" 477
"../../../SumoTwomo2/Content/StarterContent/Textures/T_Explosion_SubUV.uasset" 478
"../../../SumoTwomo2/Content/StarterContent/Particles/Materials/M_explosion_subUV.uasset" 479
"../../../SumoTwomo2/Content/StarterContent/Particles/Materials/m_flare_01.uasset" 480
"../../../SumoTwomo2/Content/StarterContent/Particles/Materials/M_radial_ramp.uasset" 481
"../../../SumoTwomo2/Content/StarterContent/Particles/P_Explosion.uasset" 482
"../../../SumoTwomo2/Content/StarterContent/Blueprints/Blueprint_Effect_Explosion.uasset" 483
"../../../SumoTwomo2/Content/StarterContent/Materials/M_ColorGrid_LowSpec.uasset" 484
